yarn run v1.13.0
$ babel-node tools/run start
[17:53:42] Starting 'start'...
[17:53:42] Starting 'clean'...
[17:53:42] Finished 'clean' after 32 ms
[17:53:42] Compiling 'client'...
[17:53:42] Compiling 'server'...
Time: [1m6470[39m[22mms
Built at: 2019-02-27 [1m17:53:49[39m[22m
                                                                      [1mAsset[39m[22m      [1mSize[39m[22m                                                             [1mChunks[39m[22m  [1m[39m[22m           [1m[39m[22m[1mChunk Names[39m[22m
                                                            [1m[32mchunks/login.js[39m[22m  53.3 KiB                                                              [1mlogin[39m[22m  [1m[32m[emitted][39m[22m  login
                                                            [1m[32mchunks/about.js[39m[22m    29 KiB                                                              [1mabout[39m[22m  [1m[32m[emitted][39m[22m  about
                                                            [1m[32mchunks/admin.js[39m[22m  21.2 KiB                                                              [1madmin[39m[22m  [1m[32m[emitted][39m[22m  admin
                                                          [1m[32mchunks/contact.js[39m[22m  21.1 KiB                                                            [1mcontact[39m[22m  [1m[32m[emitted][39m[22m  contact
                                                             [1m[32mchunks/home.js[39m[22m  28.2 KiB                                                               [1mhome[39m[22m  [1m[32m[emitted][39m[22m  home
        [1m[32mchunks/about~admin~contact~home~login~not-found~privacy~register.js[39m[22m   129 KiB          [1mabout~admin~contact~home~login~not-found~privacy~register[39m[22m  [1m[32m[emitted][39m[22m  about~admin~contact~home~login~not-found~privacy~register
                                                        [1m[32mchunks/not-found.js[39m[22m  21.3 KiB                                                          [1mnot-found[39m[22m  [1m[32m[emitted][39m[22m  not-found
                                                          [1m[32mchunks/privacy.js[39m[22m    29 KiB                                                            [1mprivacy[39m[22m  [1m[32m[emitted][39m[22m  privacy
                                                         [1m[32mchunks/register.js[39m[22m  21.2 KiB                                                           [1mregister[39m[22m  [1m[32m[emitted][39m[22m  register
                                                                  [1m[32mserver.js[39m[22m   162 KiB                                                             [1mserver[39m[22m  [1m[32m[emitted][39m[22m  server
[1m[32mchunks/vendors~about~admin~contact~home~login~not-found~privacy~register.js[39m[22m    41 KiB  [1mvendors~about~admin~contact~home~login~not-found~privacy~register[39m[22m  [1m[32m[emitted][39m[22m  vendors~about~admin~contact~home~login~not-found~privacy~register
Entrypoint [1mserver[39m[22m = [1m[32mserver.js[39m[22m
[17:53:49] Finished 'server' compilation after 6483 ms
Time: [1m7273[39m[22mms
Built at: 2019-02-27 [1m17:53:49[39m[22m
                                                                     [1mAsset[39m[22m        [1mSize[39m[22m                                                             [1mChunks[39m[22m  [1m[39m[22m           [1m[39m[22m[1mChunk Names[39m[22m
                                                             [1m[32mhome.chunk.js[39m[22m      32 KiB                                                               [1mhome[39m[22m  [1m[32m[emitted][39m[22m  home
                             [1m[32msrc/components/Header/logo-small.png?2f751285[39m[22m    2.77 KiB                                                                   [1m[39m[22m  [1m[32m[emitted][39m[22m  
                                   [1m[32msrc/routes/home/movies.graphql?f78b0efe[39m[22m    89 bytes                                                                   [1m[39m[22m  [1m[32m[emitted][39m[22m  
                                                            [1m[32mabout.chunk.js[39m[22m    31.6 KiB                                                              [1mabout[39m[22m  [1m[32m[emitted][39m[22m  about
        [1m[32mabout~admin~contact~home~login~not-found~privacy~register.chunk.js[39m[22m     143 KiB          [1mabout~admin~contact~home~login~not-found~privacy~register[39m[22m  [1m[32m[emitted][39m[22m  about~admin~contact~home~login~not-found~privacy~register
                                                            [1m[32madmin.chunk.js[39m[22m    23.7 KiB                                                              [1madmin[39m[22m  [1m[32m[emitted][39m[22m  admin
                                                                 [1m[32mclient.js[39m[22m     169 KiB                                                             [1mclient[39m[22m  [1m[32m[emitted][39m[22m  client
                                                          [1m[32mcontact.chunk.js[39m[22m    23.7 KiB                                                            [1mcontact[39m[22m  [1m[32m[emitted][39m[22m  contact
                          [1m[32msrc/components/Header/logo-small@2x.png?8844262b[39m[22m    6.65 KiB                                                                   [1m[39m[22m  [1m[32m[emitted][39m[22m  
                                                            [1m[32mlogin.chunk.js[39m[22m    56.3 KiB                                                              [1mlogin[39m[22m  [1m[32m[emitted][39m[22m  login
                                                        [1m[32mnot-found.chunk.js[39m[22m    23.9 KiB                                                          [1mnot-found[39m[22m  [1m[32m[emitted][39m[22m  not-found
                                                          [1m[32mprivacy.chunk.js[39m[22m    31.6 KiB                                                            [1mprivacy[39m[22m  [1m[32m[emitted][39m[22m  privacy
                                                         [1m[32mregister.chunk.js[39m[22m    23.8 KiB                                                           [1mregister[39m[22m  [1m[32m[emitted][39m[22m  register
                                                          [1m[32mvendors.chunk.js[39m[22m    5.62 MiB                                                            [1mvendors[39m[22m  [1m[32m[emitted][39m[22m  vendors
[1m[32mvendors~about~admin~contact~home~login~not-found~privacy~register.chunk.js[39m[22m    44.6 KiB  [1mvendors~about~admin~contact~home~login~not-found~privacy~register[39m[22m  [1m[32m[emitted][39m[22m  vendors~about~admin~contact~home~login~not-found~privacy~register
                                                       [1m[32masset-manifest.json[39m[22m  1020 bytes                                                                   [1m[39m[22m  [1m[32m[emitted][39m[22m  
Entrypoint [1mclient[39m[22m = [1m[32mvendors.chunk.js[39m[22m [1m[32mclient.js[39m[22m

[1m[31mERROR in ./node_modules/graphql/index.mjs 49:0-53:205
Can't reexport the named export 'BREAK' from non EcmaScript module (only default export is available)
 @ ./src/data/schema.js
 @ ./src/client.jsx
 @ multi @babel/polyfill ./tools/lib/webpackHotDevClient ./src/client.jsx[39m[22m

[1m[31mERROR in ./node_modules/graphql/index.mjs 64:0-98:42
Can't reexport the named export 'BreakingChangeType' from non EcmaScript module (only default export is available)
 @ ./src/data/schema.js
 @ ./src/client.jsx
 @ multi @babel/polyfill ./tools/lib/webpackHotDevClient ./src/client.jsx[39m[22m

[1m[31mERROR in ./node_modules/graphql/index.mjs 36:0-47:50
Can't reexport the named export 'DEFAULT_DEPRECATION_REASON' from non EcmaScript module (only default export is available)
 @ ./src/data/schema.js
 @ ./src/client.jsx
 @ multi @babel/polyfill ./tools/lib/webpackHotDevClient ./src/client.jsx[39m[22m

[1m[31mERROR in ./node_modules/graphql/index.mjs 64:0-98:42
Can't reexport the named export 'DangerousChangeType' from non EcmaScript module (only default export is available)
 @ ./src/data/schema.js
 @ ./src/client.jsx
 @ multi @babel/polyfill ./tools/lib/webpackHotDevClient ./src/client.jsx[39m[22m

[1m[31mERROR in ./node_modules/graphql/index.mjs 49:0-53:205
Can't reexport the named export 'DirectiveLocation' from non EcmaScript module (only default export is available)
 @ ./src/data/schema.js
 @ ./src/client.jsx
 @ multi @babel/polyfill ./tools/lib/webpackHotDevClient ./src/client.jsx[39m[22m

[1m[31mERROR in ./node_modules/graphql/index.mjs 58:0-60:675
Can't reexport the named export 'FieldsOnCorrectTypeRule' from non EcmaScript module (only default export is available)
 @ ./src/data/schema.js
 @ ./src/client.jsx
 @ multi @babel/polyfill ./tools/lib/webpackHotDevClient ./src/client.jsx[39m[22m

[1m[31mERROR in ./node_modules/graphql/index.mjs 58:0-60:675
Can't reexport the named export 'FragmentsOnCompositeTypesRule' from non EcmaScript module (only default export is available)
 @ ./src/data/schema.js
 @ ./src/client.jsx
 @ multi @babel/polyfill ./tools/lib/webpackHotDevClient ./src/client.jsx[39m[22m

[1m[31mERROR in ./node_modules/graphql/index.mjs 36:0-47:50
Can't reexport the named export 'GraphQLBoolean' from non EcmaScript module (only default export is available)
 @ ./src/data/schema.js
 @ ./src/client.jsx
 @ multi @babel/polyfill ./tools/lib/webpackHotDevClient ./src/client.jsx[39m[22m

[1m[31mERROR in ./node_modules/graphql/index.mjs 36:0-47:50
Can't reexport the named export 'GraphQLDeprecatedDirective' from non EcmaScript module (only default export is available)
 @ ./src/data/schema.js
 @ ./src/client.jsx
 @ multi @babel/polyfill ./tools/lib/webpackHotDevClient ./src/client.jsx[39m[22m

[1m[31mERROR in ./node_modules/graphql/index.mjs 36:0-47:50
Can't reexport the named export 'GraphQLDirective' from non EcmaScript module (only default export is available)
 @ ./src/data/schema.js
 @ ./src/client.jsx
 @ multi @babel/polyfill ./tools/lib/webpackHotDevClient ./src/client.jsx[39m[22m

[1m[31mERROR in ./node_modules/graphql/index.mjs 36:0-47:50
Can't reexport the named export 'GraphQLEnumType' from non EcmaScript module (only default export is available)
 @ ./src/data/schema.js
 @ ./src/client.jsx
 @ multi @babel/polyfill ./tools/lib/webpackHotDevClient ./src/client.jsx[39m[22m

[1m[31mERROR in ./node_modules/graphql/index.mjs 62:0-64
Can't reexport the named export 'GraphQLError' from non EcmaScript module (only default export is available)
 @ ./src/data/schema.js
 @ ./src/client.jsx
 @ multi @babel/polyfill ./tools/lib/webpackHotDevClient ./src/client.jsx[39m[22m

[1m[31mERROR in ./node_modules/graphql/index.mjs 36:0-47:50
Can't reexport the named export 'GraphQLFloat' from non EcmaScript module (only default export is available)
 @ ./src/data/schema.js
 @ ./src/client.jsx
 @ multi @babel/polyfill ./tools/lib/webpackHotDevClient ./src/client.jsx[39m[22m

[1m[31mERROR in ./node_modules/graphql/index.mjs 36:0-47:50
Can't reexport the named export 'GraphQLID' from non EcmaScript module (only default export is available)
 @ ./src/data/schema.js
 @ ./src/client.jsx
 @ multi @babel/polyfill ./tools/lib/webpackHotDevClient ./src/client.jsx[39m[22m

[1m[31mERROR in ./node_modules/graphql/index.mjs 36:0-47:50
Can't reexport the named export 'GraphQLIncludeDirective' from non EcmaScript module (only default export is available)
 @ ./src/data/schema.js
 @ ./src/client.jsx
 @ multi @babel/polyfill ./tools/lib/webpackHotDevClient ./src/client.jsx[39m[22m

[1m[31mERROR in ./node_modules/graphql/index.mjs 36:0-47:50
Can't reexport the named export 'GraphQLInputObjectType' from non EcmaScript module (only default export is available)
 @ ./src/data/schema.js
 @ ./src/client.jsx
 @ multi @babel/polyfill ./tools/lib/webpackHotDevClient ./src/client.jsx[39m[22m

[1m[31mERROR in ./node_modules/graphql/index.mjs 36:0-47:50
Can't reexport the named export 'GraphQLInt' from non EcmaScript module (only default export is available)
 @ ./src/data/schema.js
 @ ./src/client.jsx
 @ multi @babel/polyfill ./tools/lib/webpackHotDevClient ./src/client.jsx[39m[22m

[1m[31mERROR in ./node_modules/graphql/index.mjs 36:0-47:50
Can't reexport the named export 'GraphQLInterfaceType' from non EcmaScript module (only default export is available)
 @ ./src/data/schema.js
 @ ./src/client.jsx
 @ multi @babel/polyfill ./tools/lib/webpackHotDevClient ./src/client.jsx[39m[22m

[1m[31mERROR in ./node_modules/graphql/index.mjs 36:0-47:50
Can't reexport the named export 'GraphQLList' from non EcmaScript module (only default export is available)
 @ ./src/data/schema.js
 @ ./src/client.jsx
 @ multi @babel/polyfill ./tools/lib/webpackHotDevClient ./src/client.jsx[39m[22m

[1m[31mERROR in ./node_modules/graphql/index.mjs 36:0-47:50
Can't reexport the named export 'GraphQLNonNull' from non EcmaScript module (only default export is available)
 @ ./src/data/schema.js
 @ ./src/client.jsx
 @ multi @babel/polyfill ./tools/lib/webpackHotDevClient ./src/client.jsx[39m[22m

[1m[31mERROR in ./node_modules/graphql/index.mjs 36:0-47:50
Can't reexport the named export 'GraphQLObjectType' from non EcmaScript module (only default export is available)
 @ ./src/data/schema.js
 @ ./src/client.jsx
 @ multi @babel/polyfill ./tools/lib/webpackHotDevClient ./src/client.jsx[39m[22m

[1m[31mERROR in ./node_modules/graphql/index.mjs 36:0-47:50
Can't reexport the named export 'GraphQLScalarType' from non EcmaScript module (only default export is available)
 @ ./src/data/schema.js
 @ ./src/client.jsx
 @ multi @babel/polyfill ./tools/lib/webpackHotDevClient ./src/client.jsx[39m[22m

[1m[31mERROR in ./node_modules/graphql/index.mjs 36:0-47:50
Can't reexport the named export 'GraphQLSchema' from non EcmaScript module (only default export is available)
 @ ./src/data/schema.js
 @ ./src/client.jsx
 @ multi @babel/polyfill ./tools/lib/webpackHotDevClient ./src/client.jsx[39m[22m

[1m[31mERROR in ./node_modules/graphql/index.mjs 36:0-47:50
Can't reexport the named export 'GraphQLSkipDirective' from non EcmaScript module (only default export is available)
 @ ./src/data/schema.js
 @ ./src/client.jsx
 @ multi @babel/polyfill ./tools/lib/webpackHotDevClient ./src/client.jsx[39m[22m

[1m[31mERROR in ./node_modules/graphql/index.mjs 36:0-47:50
Can't reexport the named export 'GraphQLString' from non EcmaScript module (only default export is available)
 @ ./src/data/schema.js
 @ ./src/client.jsx
 @ multi @babel/polyfill ./tools/lib/webpackHotDevClient ./src/client.jsx[39m[22m

[1m[31mERROR in ./node_modules/graphql/index.mjs 36:0-47:50
Can't reexport the named export 'GraphQLUnionType' from non EcmaScript module (only default export is available)
 @ ./src/data/schema.js
 @ ./src/client.jsx
 @ multi @babel/polyfill ./tools/lib/webpackHotDevClient ./src/client.jsx[39m[22m

[1m[31mERROR in ./node_modules/graphql/index.mjs 49:0-53:205
Can't reexport the named export 'Kind' from non EcmaScript module (only default export is available)
 @ ./src/data/schema.js
 @ ./src/client.jsx
 @ multi @babel/polyfill ./tools/lib/webpackHotDevClient ./src/client.jsx[39m[22m

[1m[31mERROR in ./node_modules/graphql/index.mjs 58:0-60:675
Can't reexport the named export 'KnownArgumentNamesRule' from non EcmaScript module (only default export is available)
 @ ./src/data/schema.js
 @ ./src/client.jsx
 @ multi @babel/polyfill ./tools/lib/webpackHotDevClient ./src/client.jsx[39m[22m

[1m[31mERROR in ./node_modules/graphql/index.mjs 58:0-60:675
Can't reexport the named export 'KnownDirectivesRule' from non EcmaScript module (only default export is available)
 @ ./src/data/schema.js
 @ ./src/client.jsx
 @ multi @babel/polyfill ./tools/lib/webpackHotDevClient ./src/client.jsx[39m[22m

[1m[31mERROR in ./node_modules/graphql/index.mjs 58:0-60:675
Can't reexport the named export 'KnownFragmentNamesRule' from non EcmaScript module (only default export is available)
 @ ./src/data/schema.js
 @ ./src/client.jsx
 @ multi @babel/polyfill ./tools/lib/webpackHotDevClient ./src/client.jsx[39m[22m

[1m[31mERROR in ./node_modules/graphql/index.mjs 58:0-60:675
Can't reexport the named export 'KnownTypeNamesRule' from non EcmaScript module (only default export is available)
 @ ./src/data/schema.js
 @ ./src/client.jsx
 @ multi @babel/polyfill ./tools/lib/webpackHotDevClient ./src/client.jsx[39m[22m

[1m[31mERROR in ./node_modules/graphql/index.mjs 58:0-60:675
Can't reexport the named export 'LoneAnonymousOperationRule' from non EcmaScript module (only default export is available)
 @ ./src/data/schema.js
 @ ./src/client.jsx
 @ multi @babel/polyfill ./tools/lib/webpackHotDevClient ./src/client.jsx[39m[22m

[1m[31mERROR in ./node_modules/graphql/index.mjs 58:0-60:675
Can't reexport the named export 'NoFragmentCyclesRule' from non EcmaScript module (only default export is available)
 @ ./src/data/schema.js
 @ ./src/client.jsx
 @ multi @babel/polyfill ./tools/lib/webpackHotDevClient ./src/client.jsx[39m[22m

[1m[31mERROR in ./node_modules/graphql/index.mjs 58:0-60:675
Can't reexport the named export 'NoUndefinedVariablesRule' from non EcmaScript module (only default export is available)
 @ ./src/data/schema.js
 @ ./src/client.jsx
 @ multi @babel/polyfill ./tools/lib/webpackHotDevClient ./src/client.jsx[39m[22m

[1m[31mERROR in ./node_modules/graphql/index.mjs 58:0-60:675
Can't reexport the named export 'NoUnusedFragmentsRule' from non EcmaScript module (only default export is available)
 @ ./src/data/schema.js
 @ ./src/client.jsx
 @ multi @babel/polyfill ./tools/lib/webpackHotDevClient ./src/client.jsx[39m[22m

[1m[31mERROR in ./node_modules/graphql/index.mjs 58:0-60:675
Can't reexport the named export 'NoUnusedVariablesRule' from non EcmaScript module (only default export is available)
 @ ./src/data/schema.js
 @ ./src/client.jsx
 @ multi @babel/polyfill ./tools/lib/webpackHotDevClient ./src/client.jsx[39m[22m

[1m[31mERROR in ./node_modules/graphql/index.mjs 58:0-60:675
Can't reexport the named export 'OverlappingFieldsCanBeMergedRule' from non EcmaScript module (only default export is available)
 @ ./src/data/schema.js
 @ ./src/client.jsx
 @ multi @babel/polyfill ./tools/lib/webpackHotDevClient ./src/client.jsx[39m[22m

[1m[31mERROR in ./node_modules/graphql/index.mjs 58:0-60:675
Can't reexport the named export 'PossibleFragmentSpreadsRule' from non EcmaScript module (only default export is available)
 @ ./src/data/schema.js
 @ ./src/client.jsx
 @ multi @babel/polyfill ./tools/lib/webpackHotDevClient ./src/client.jsx[39m[22m

[1m[31mERROR in ./node_modules/graphql/index.mjs 58:0-60:675
Can't reexport the named export 'ProvidedRequiredArgumentsRule' from non EcmaScript module (only default export is available)
 @ ./src/data/schema.js
 @ ./src/client.jsx
 @ multi @babel/polyfill ./tools/lib/webpackHotDevClient ./src/client.jsx[39m[22m

[1m[31mERROR in ./node_modules/graphql/index.mjs 58:0-60:675
Can't reexport the named export 'ScalarLeafsRule' from non EcmaScript module (only default export is available)
 @ ./src/data/schema.js
 @ ./src/client.jsx
 @ multi @babel/polyfill ./tools/lib/webpackHotDevClient ./src/client.jsx[39m[22m

[1m[31mERROR in ./node_modules/graphql/index.mjs 36:0-47:50
Can't reexport the named export 'SchemaMetaFieldDef' from non EcmaScript module (only default export is available)
 @ ./src/data/schema.js
 @ ./src/client.jsx
 @ multi @babel/polyfill ./tools/lib/webpackHotDevClient ./src/client.jsx[39m[22m

[1m[31mERROR in ./node_modules/graphql/index.mjs 58:0-60:675
Can't reexport the named export 'SingleFieldSubscriptionsRule' from non EcmaScript module (only default export is available)
 @ ./src/data/schema.js
 @ ./src/client.jsx
 @ multi @babel/polyfill ./tools/lib/webpackHotDevClient ./src/client.jsx[39m[22m

[1m[31mERROR in ./node_modules/graphql/index.mjs 49:0-53:205
Can't reexport the named export 'Source' from non EcmaScript module (only default export is available)
 @ ./src/data/schema.js
 @ ./src/client.jsx
 @ multi @babel/polyfill ./tools/lib/webpackHotDevClient ./src/client.jsx[39m[22m

[1m[31mERROR in ./node_modules/graphql/index.mjs 49:0-53:205
Can't reexport the named export 'TokenKind' from non EcmaScript module (only default export is available)
 @ ./src/data/schema.js
 @ ./src/client.jsx
 @ multi @babel/polyfill ./tools/lib/webpackHotDevClient ./src/client.jsx[39m[22m

[1m[31mERROR in ./node_modules/graphql/index.mjs 64:0-98:42
Can't reexport the named export 'TypeInfo' from non EcmaScript module (only default export is available)
 @ ./src/data/schema.js
 @ ./src/client.jsx
 @ multi @babel/polyfill ./tools/lib/webpackHotDevClient ./src/client.jsx[39m[22m

[1m[31mERROR in ./node_modules/graphql/index.mjs 36:0-47:50
Can't reexport the named export 'TypeKind' from non EcmaScript module (only default export is available)
 @ ./src/data/schema.js
 @ ./src/client.jsx
 @ multi @babel/polyfill ./tools/lib/webpackHotDevClient ./src/client.jsx[39m[22m

[1m[31mERROR in ./node_modules/graphql/index.mjs 36:0-47:50
Can't reexport the named export 'TypeMetaFieldDef' from non EcmaScript module (only default export is available)
 @ ./src/data/schema.js
 @ ./src/client.jsx
 @ multi @babel/polyfill ./tools/lib/webpackHotDevClient ./src/client.jsx[39m[22m

[1m[31mERROR in ./node_modules/graphql/index.mjs 36:0-47:50
Can't reexport the named export 'TypeNameMetaFieldDef' from non EcmaScript module (only default export is available)
 @ ./src/data/schema.js
 @ ./src/client.jsx
 @ multi @babel/polyfill ./tools/lib/webpackHotDevClient ./src/client.jsx[39m[22m

[1m[31mERROR in ./node_modules/graphql/index.mjs 58:0-60:675
Can't reexport the named export 'UniqueArgumentNamesRule' from non EcmaScript module (only default export is available)
 @ ./src/data/schema.js
 @ ./src/client.jsx
 @ multi @babel/polyfill ./tools/lib/webpackHotDevClient ./src/client.jsx[39m[22m

[1m[31mERROR in ./node_modules/graphql/index.mjs 58:0-60:675
Can't reexport the named export 'UniqueDirectivesPerLocationRule' from non EcmaScript module (only default export is available)
 @ ./src/data/schema.js
 @ ./src/client.jsx
 @ multi @babel/polyfill ./tools/lib/webpackHotDevClient ./src/client.jsx[39m[22m

[1m[31mERROR in ./node_modules/graphql/index.mjs 58:0-60:675
Can't reexport the named export 'UniqueFragmentNamesRule' from non EcmaScript module (only default export is available)
 @ ./src/data/schema.js
 @ ./src/client.jsx
 @ multi @babel/polyfill ./tools/lib/webpackHotDevClient ./src/client.jsx[39m[22m

[1m[31mERROR in ./node_modules/graphql/index.mjs 58:0-60:675
Can't reexport the named export 'UniqueInputFieldNamesRule' from non EcmaScript module (only default export is available)
 @ ./src/data/schema.js
 @ ./src/client.jsx
 @ multi @babel/polyfill ./tools/lib/webpackHotDevClient ./src/client.jsx[39m[22m

[1m[31mERROR in ./node_modules/graphql/index.mjs 58:0-60:675
Can't reexport the named export 'UniqueOperationNamesRule' from non EcmaScript module (only default export is available)
 @ ./src/data/schema.js
 @ ./src/client.jsx
 @ multi @babel/polyfill ./tools/lib/webpackHotDevClient ./src/client.jsx[39m[22m

[1m[31mERROR in ./node_modules/graphql/index.mjs 58:0-60:675
Can't reexport the named export 'UniqueVariableNamesRule' from non EcmaScript module (only default export is available)
 @ ./src/data/schema.js
 @ ./src/client.jsx
 @ multi @babel/polyfill ./tools/lib/webpackHotDevClient ./src/client.jsx[39m[22m

[1m[31mERROR in ./node_modules/graphql/index.mjs 58:0-60:675
Can't reexport the named export 'ValidationContext' from non EcmaScript module (only default export is available)
 @ ./src/data/schema.js
 @ ./src/client.jsx
 @ multi @babel/polyfill ./tools/lib/webpackHotDevClient ./src/client.jsx[39m[22m

[1m[31mERROR in ./node_modules/graphql/index.mjs 58:0-60:675
Can't reexport the named export 'ValuesOfCorrectTypeRule' from non EcmaScript module (only default export is available)
 @ ./src/data/schema.js
 @ ./src/client.jsx
 @ multi @babel/polyfill ./tools/lib/webpackHotDevClient ./src/client.jsx[39m[22m

[1m[31mERROR in ./node_modules/graphql/index.mjs 58:0-60:675
Can't reexport the named export 'VariablesAreInputTypesRule' from non EcmaScript module (only default export is available)
 @ ./src/data/schema.js
 @ ./src/client.jsx
 @ multi @babel/polyfill ./tools/lib/webpackHotDevClient ./src/client.jsx[39m[22m

[1m[31mERROR in ./node_modules/graphql/index.mjs 58:0-60:675
Can't reexport the named export 'VariablesInAllowedPositionRule' from non EcmaScript module (only default export is available)
 @ ./src/data/schema.js
 @ ./src/client.jsx
 @ multi @babel/polyfill ./tools/lib/webpackHotDevClient ./src/client.jsx[39m[22m

[1m[31mERROR in ./node_modules/graphql/index.mjs 36:0-47:50
Can't reexport the named export '__Directive' from non EcmaScript module (only default export is available)
 @ ./src/data/schema.js
 @ ./src/client.jsx
 @ multi @babel/polyfill ./tools/lib/webpackHotDevClient ./src/client.jsx[39m[22m

[1m[31mERROR in ./node_modules/graphql/index.mjs 36:0-47:50
Can't reexport the named export '__DirectiveLocation' from non EcmaScript module (only default export is available)
 @ ./src/data/schema.js
 @ ./src/client.jsx
 @ multi @babel/polyfill ./tools/lib/webpackHotDevClient ./src/client.jsx[39m[22m

[1m[31mERROR in ./node_modules/graphql/index.mjs 36:0-47:50
Can't reexport the named export '__EnumValue' from non EcmaScript module (only default export is available)
 @ ./src/data/schema.js
 @ ./src/client.jsx
 @ multi @babel/polyfill ./tools/lib/webpackHotDevClient ./src/client.jsx[39m[22m

[1m[31mERROR in ./node_modules/graphql/index.mjs 36:0-47:50
Can't reexport the named export '__Field' from non EcmaScript module (only default export is available)
 @ ./src/data/schema.js
 @ ./src/client.jsx
 @ multi @babel/polyfill ./tools/lib/webpackHotDevClient ./src/client.jsx[39m[22m

[1m[31mERROR in ./node_modules/graphql/index.mjs 36:0-47:50
Can't reexport the named export '__InputValue' from non EcmaScript module (only default export is available)
 @ ./src/data/schema.js
 @ ./src/client.jsx
 @ multi @babel/polyfill ./tools/lib/webpackHotDevClient ./src/client.jsx[39m[22m

[1m[31mERROR in ./node_modules/graphql/index.mjs 36:0-47:50
Can't reexport the named export '__Schema' from non EcmaScript module (only default export is available)
 @ ./src/data/schema.js
 @ ./src/client.jsx
 @ multi @babel/polyfill ./tools/lib/webpackHotDevClient ./src/client.jsx[39m[22m

[1m[31mERROR in ./node_modules/graphql/index.mjs 36:0-47:50
Can't reexport the named export '__Type' from non EcmaScript module (only default export is available)
 @ ./src/data/schema.js
 @ ./src/client.jsx
 @ multi @babel/polyfill ./tools/lib/webpackHotDevClient ./src/client.jsx[39m[22m

[1m[31mERROR in ./node_modules/graphql/index.mjs 36:0-47:50
Can't reexport the named export '__TypeKind' from non EcmaScript module (only default export is available)
 @ ./src/data/schema.js
 @ ./src/client.jsx
 @ multi @babel/polyfill ./tools/lib/webpackHotDevClient ./src/client.jsx[39m[22m

[1m[31mERROR in ./node_modules/graphql/index.mjs 36:0-47:50
Can't reexport the named export 'assertAbstractType' from non EcmaScript module (only default export is available)
 @ ./src/data/schema.js
 @ ./src/client.jsx
 @ multi @babel/polyfill ./tools/lib/webpackHotDevClient ./src/client.jsx[39m[22m

[1m[31mERROR in ./node_modules/graphql/index.mjs 36:0-47:50
Can't reexport the named export 'assertCompositeType' from non EcmaScript module (only default export is available)
 @ ./src/data/schema.js
 @ ./src/client.jsx
 @ multi @babel/polyfill ./tools/lib/webpackHotDevClient ./src/client.jsx[39m[22m

[1m[31mERROR in ./node_modules/graphql/index.mjs 36:0-47:50
Can't reexport the named export 'assertDirective' from non EcmaScript module (only default export is available)
 @ ./src/data/schema.js
 @ ./src/client.jsx
 @ multi @babel/polyfill ./tools/lib/webpackHotDevClient ./src/client.jsx[39m[22m

[1m[31mERROR in ./node_modules/graphql/index.mjs 36:0-47:50
Can't reexport the named export 'assertEnumType' from non EcmaScript module (only default export is available)
 @ ./src/data/schema.js
 @ ./src/client.jsx
 @ multi @babel/polyfill ./tools/lib/webpackHotDevClient ./src/client.jsx[39m[22m

[1m[31mERROR in ./node_modules/graphql/index.mjs 36:0-47:50
Can't reexport the named export 'assertInputObjectType' from non EcmaScript module (only default export is available)
 @ ./src/data/schema.js
 @ ./src/client.jsx
 @ multi @babel/polyfill ./tools/lib/webpackHotDevClient ./src/client.jsx[39m[22m

[1m[31mERROR in ./node_modules/graphql/index.mjs 36:0-47:50
Can't reexport the named export 'assertInputType' from non EcmaScript module (only default export is available)
 @ ./src/data/schema.js
 @ ./src/client.jsx
 @ multi @babel/polyfill ./tools/lib/webpackHotDevClient ./src/client.jsx[39m[22m

[1m[31mERROR in ./node_modules/graphql/index.mjs 36:0-47:50
Can't reexport the named export 'assertInterfaceType' from non EcmaScript module (only default export is available)
 @ ./src/data/schema.js
 @ ./src/client.jsx
 @ multi @babel/polyfill ./tools/lib/webpackHotDevClient ./src/client.jsx[39m[22m

[1m[31mERROR in ./node_modules/graphql/index.mjs 36:0-47:50
Can't reexport the named export 'assertLeafType' from non EcmaScript module (only default export is available)
 @ ./src/data/schema.js
 @ ./src/client.jsx
 @ multi @babel/polyfill ./tools/lib/webpackHotDevClient ./src/client.jsx[39m[22m

[1m[31mERROR in ./node_modules/graphql/index.mjs 36:0-47:50
Can't reexport the named export 'assertListType' from non EcmaScript module (only default export is available)
 @ ./src/data/schema.js
 @ ./src/client.jsx
 @ multi @babel/polyfill ./tools/lib/webpackHotDevClient ./src/client.jsx[39m[22m

[1m[31mERROR in ./node_modules/graphql/index.mjs 36:0-47:50
Can't reexport the named export 'assertNamedType' from non EcmaScript module (only default export is available)
 @ ./src/data/schema.js
 @ ./src/client.jsx
 @ multi @babel/polyfill ./tools/lib/webpackHotDevClient ./src/client.jsx[39m[22m

[1m[31mERROR in ./node_modules/graphql/index.mjs 36:0-47:50
Can't reexport the named export 'assertNonNullType' from non EcmaScript module (only default export is available)
 @ ./src/data/schema.js
 @ ./src/client.jsx
 @ multi @babel/polyfill ./tools/lib/webpackHotDevClient ./src/client.jsx[39m[22m

[1m[31mERROR in ./node_modules/graphql/index.mjs 36:0-47:50
Can't reexport the named export 'assertNullableType' from non EcmaScript module (only default export is available)
 @ ./src/data/schema.js
 @ ./src/client.jsx
 @ multi @babel/polyfill ./tools/lib/webpackHotDevClient ./src/client.jsx[39m[22m

[1m[31mERROR in ./node_modules/graphql/index.mjs 36:0-47:50
Can't reexport the named export 'assertObjectType' from non EcmaScript module (only default export is available)
 @ ./src/data/schema.js
 @ ./src/client.jsx
 @ multi @babel/polyfill ./tools/lib/webpackHotDevClient ./src/client.jsx[39m[22m

[1m[31mERROR in ./node_modules/graphql/index.mjs 36:0-47:50
Can't reexport the named export 'assertOutputType' from non EcmaScript module (only default export is available)
 @ ./src/data/schema.js
 @ ./src/client.jsx
 @ multi @babel/polyfill ./tools/lib/webpackHotDevClient ./src/client.jsx[39m[22m

[1m[31mERROR in ./node_modules/graphql/index.mjs 36:0-47:50
Can't reexport the named export 'assertScalarType' from non EcmaScript module (only default export is available)
 @ ./src/data/schema.js
 @ ./src/client.jsx
 @ multi @babel/polyfill ./tools/lib/webpackHotDevClient ./src/client.jsx[39m[22m

[1m[31mERROR in ./node_modules/graphql/index.mjs 36:0-47:50
Can't reexport the named export 'assertSchema' from non EcmaScript module (only default export is available)
 @ ./src/data/schema.js
 @ ./src/client.jsx
 @ multi @babel/polyfill ./tools/lib/webpackHotDevClient ./src/client.jsx[39m[22m

[1m[31mERROR in ./node_modules/graphql/index.mjs 36:0-47:50
Can't reexport the named export 'assertType' from non EcmaScript module (only default export is available)
 @ ./src/data/schema.js
 @ ./src/client.jsx
 @ multi @babel/polyfill ./tools/lib/webpackHotDevClient ./src/client.jsx[39m[22m

[1m[31mERROR in ./node_modules/graphql/index.mjs 36:0-47:50
Can't reexport the named export 'assertUnionType' from non EcmaScript module (only default export is available)
 @ ./src/data/schema.js
 @ ./src/client.jsx
 @ multi @babel/polyfill ./tools/lib/webpackHotDevClient ./src/client.jsx[39m[22m

[1m[31mERROR in ./node_modules/graphql/index.mjs 64:0-98:42
Can't reexport the named export 'assertValidName' from non EcmaScript module (only default export is available)
 @ ./src/data/schema.js
 @ ./src/client.jsx
 @ multi @babel/polyfill ./tools/lib/webpackHotDevClient ./src/client.jsx[39m[22m

[1m[31mERROR in ./node_modules/graphql/index.mjs 36:0-47:50
Can't reexport the named export 'assertValidSchema' from non EcmaScript module (only default export is available)
 @ ./src/data/schema.js
 @ ./src/client.jsx
 @ multi @babel/polyfill ./tools/lib/webpackHotDevClient ./src/client.jsx[39m[22m

[1m[31mERROR in ./node_modules/graphql/index.mjs 36:0-47:50
Can't reexport the named export 'assertWrappingType' from non EcmaScript module (only default export is available)
 @ ./src/data/schema.js
 @ ./src/client.jsx
 @ multi @babel/polyfill ./tools/lib/webpackHotDevClient ./src/client.jsx[39m[22m

[1m[31mERROR in ./node_modules/graphql/index.mjs 64:0-98:42
Can't reexport the named export 'astFromValue' from non EcmaScript module (only default export is available)
 @ ./src/data/schema.js
 @ ./src/client.jsx
 @ multi @babel/polyfill ./tools/lib/webpackHotDevClient ./src/client.jsx[39m[22m

[1m[31mERROR in ./node_modules/graphql/index.mjs 64:0-98:42
Can't reexport the named export 'buildASTSchema' from non EcmaScript module (only default export is available)
 @ ./src/data/schema.js
 @ ./src/client.jsx
 @ multi @babel/polyfill ./tools/lib/webpackHotDevClient ./src/client.jsx[39m[22m

[1m[31mERROR in ./node_modules/graphql/index.mjs 64:0-98:42
Can't reexport the named export 'buildClientSchema' from non EcmaScript module (only default export is available)
 @ ./src/data/schema.js
 @ ./src/client.jsx
 @ multi @babel/polyfill ./tools/lib/webpackHotDevClient ./src/client.jsx[39m[22m

[1m[31mERROR in ./node_modules/graphql/index.mjs 64:0-98:42
Can't reexport the named export 'buildSchema' from non EcmaScript module (only default export is available)
 @ ./src/data/schema.js
 @ ./src/client.jsx
 @ multi @babel/polyfill ./tools/lib/webpackHotDevClient ./src/client.jsx[39m[22m

[1m[31mERROR in ./node_modules/graphql/index.mjs 64:0-98:42
Can't reexport the named export 'coerceValue' from non EcmaScript module (only default export is available)
 @ ./src/data/schema.js
 @ ./src/client.jsx
 @ multi @babel/polyfill ./tools/lib/webpackHotDevClient ./src/client.jsx[39m[22m

[1m[31mERROR in ./node_modules/graphql/index.mjs 64:0-98:42
Can't reexport the named export 'concatAST' from non EcmaScript module (only default export is available)
 @ ./src/data/schema.js
 @ ./src/client.jsx
 @ multi @babel/polyfill ./tools/lib/webpackHotDevClient ./src/client.jsx[39m[22m

[1m[31mERROR in ./node_modules/graphql/index.mjs 56:0-68
Can't reexport the named export 'createSourceEventStream' from non EcmaScript module (only default export is available)
 @ ./src/data/schema.js
 @ ./src/client.jsx
 @ multi @babel/polyfill ./tools/lib/webpackHotDevClient ./src/client.jsx[39m[22m

[1m[31mERROR in ./node_modules/graphql/index.mjs 55:0-101
Can't reexport the named export 'defaultFieldResolver' from non EcmaScript module (only default export is available)
 @ ./src/data/schema.js
 @ ./src/client.jsx
 @ multi @babel/polyfill ./tools/lib/webpackHotDevClient ./src/client.jsx[39m[22m

[1m[31mERROR in ./node_modules/graphql/index.mjs 64:0-98:42
Can't reexport the named export 'doTypesOverlap' from non EcmaScript module (only default export is available)
 @ ./src/data/schema.js
 @ ./src/client.jsx
 @ multi @babel/polyfill ./tools/lib/webpackHotDevClient ./src/client.jsx[39m[22m

[1m[31mERROR in ./node_modules/graphql/index.mjs 55:0-101
Can't reexport the named export 'execute' from non EcmaScript module (only default export is available)
 @ ./src/data/schema.js
 @ ./src/client.jsx
 @ multi @babel/polyfill ./tools/lib/webpackHotDevClient ./src/client.jsx[39m[22m

[1m[31mERROR in ./node_modules/graphql/index.mjs 64:0-98:42
Can't reexport the named export 'extendSchema' from non EcmaScript module (only default export is available)
 @ ./src/data/schema.js
 @ ./src/client.jsx
 @ multi @babel/polyfill ./tools/lib/webpackHotDevClient ./src/client.jsx[39m[22m

[1m[31mERROR in ./node_modules/graphql/index.mjs 64:0-98:42
Can't reexport the named export 'findBreakingChanges' from non EcmaScript module (only default export is available)
 @ ./src/data/schema.js
 @ ./src/client.jsx
 @ multi @babel/polyfill ./tools/lib/webpackHotDevClient ./src/client.jsx[39m[22m

[1m[31mERROR in ./node_modules/graphql/index.mjs 64:0-98:42
Can't reexport the named export 'findDangerousChanges' from non EcmaScript module (only default export is available)
 @ ./src/data/schema.js
 @ ./src/client.jsx
 @ multi @babel/polyfill ./tools/lib/webpackHotDevClient ./src/client.jsx[39m[22m

[1m[31mERROR in ./node_modules/graphql/index.mjs 64:0-98:42
Can't reexport the named export 'findDeprecatedUsages' from non EcmaScript module (only default export is available)
 @ ./src/data/schema.js
 @ ./src/client.jsx
 @ multi @babel/polyfill ./tools/lib/webpackHotDevClient ./src/client.jsx[39m[22m

[1m[31mERROR in ./node_modules/graphql/index.mjs 62:0-64
Can't reexport the named export 'formatError' from non EcmaScript module (only default export is available)
 @ ./src/data/schema.js
 @ ./src/client.jsx
 @ multi @babel/polyfill ./tools/lib/webpackHotDevClient ./src/client.jsx[39m[22m

[1m[31mERROR in ./node_modules/graphql/index.mjs 64:0-98:42
Can't reexport the named export 'getDescription' from non EcmaScript module (only default export is available)
 @ ./src/data/schema.js
 @ ./src/client.jsx
 @ multi @babel/polyfill ./tools/lib/webpackHotDevClient ./src/client.jsx[39m[22m

[1m[31mERROR in ./node_modules/graphql/index.mjs 55:0-101
Can't reexport the named export 'getDirectiveValues' from non EcmaScript module (only default export is available)
 @ ./src/data/schema.js
 @ ./src/client.jsx
 @ multi @babel/polyfill ./tools/lib/webpackHotDevClient ./src/client.jsx[39m[22m

[1m[31mERROR in ./node_modules/graphql/index.mjs 64:0-98:42
Can't reexport the named export 'getIntrospectionQuery' from non EcmaScript module (only default export is available)
 @ ./src/data/schema.js
 @ ./src/client.jsx
 @ multi @babel/polyfill ./tools/lib/webpackHotDevClient ./src/client.jsx[39m[22m

[1m[31mERROR in ./node_modules/graphql/index.mjs 49:0-53:205
Can't reexport the named export 'getLocation' from non EcmaScript module (only default export is available)
 @ ./src/data/schema.js
 @ ./src/client.jsx
 @ multi @babel/polyfill ./tools/lib/webpackHotDevClient ./src/client.jsx[39m[22m

[1m[31mERROR in ./node_modules/graphql/index.mjs 36:0-47:50
Can't reexport the named export 'getNamedType' from non EcmaScript module (only default export is available)
 @ ./src/data/schema.js
 @ ./src/client.jsx
 @ multi @babel/polyfill ./tools/lib/webpackHotDevClient ./src/client.jsx[39m[22m

[1m[31mERROR in ./node_modules/graphql/index.mjs 36:0-47:50
Can't reexport the named export 'getNullableType' from non EcmaScript module (only default export is available)
 @ ./src/data/schema.js
 @ ./src/client.jsx
 @ multi @babel/polyfill ./tools/lib/webpackHotDevClient ./src/client.jsx[39m[22m

[1m[31mERROR in ./node_modules/graphql/index.mjs 64:0-98:42
Can't reexport the named export 'getOperationAST' from non EcmaScript module (only default export is available)
 @ ./src/data/schema.js
 @ ./src/client.jsx
 @ multi @babel/polyfill ./tools/lib/webpackHotDevClient ./src/client.jsx[39m[22m

[1m[31mERROR in ./node_modules/graphql/index.mjs 64:0-98:42
Can't reexport the named export 'getOperationRootType' from non EcmaScript module (only default export is available)
 @ ./src/data/schema.js
 @ ./src/client.jsx
 @ multi @babel/polyfill ./tools/lib/webpackHotDevClient ./src/client.jsx[39m[22m

[1m[31mERROR in ./node_modules/graphql/index.mjs 49:0-53:205
Can't reexport the named export 'getVisitFn' from non EcmaScript module (only default export is available)
 @ ./src/data/schema.js
 @ ./src/client.jsx
 @ multi @babel/polyfill ./tools/lib/webpackHotDevClient ./src/client.jsx[39m[22m

[1m[31mERROR in ./node_modules/graphql/index.mjs 34:0-49
Can't reexport the named export 'graphql' from non EcmaScript module (only default export is available)
 @ ./src/data/schema.js
 @ ./src/client.jsx
 @ multi @babel/polyfill ./tools/lib/webpackHotDevClient ./src/client.jsx[39m[22m

[1m[31mERROR in ./node_modules/graphql/index.mjs 34:0-49
Can't reexport the named export 'graphqlSync' from non EcmaScript module (only default export is available)
 @ ./src/data/schema.js
 @ ./src/client.jsx
 @ multi @babel/polyfill ./tools/lib/webpackHotDevClient ./src/client.jsx[39m[22m

[1m[31mERROR in ./node_modules/graphql/index.mjs 64:0-98:42
Can't reexport the named export 'introspectionFromSchema' from non EcmaScript module (only default export is available)
 @ ./src/data/schema.js
 @ ./src/client.jsx
 @ multi @babel/polyfill ./tools/lib/webpackHotDevClient ./src/client.jsx[39m[22m

[1m[31mERROR in ./node_modules/graphql/index.mjs 64:0-98:42
Can't reexport the named export 'introspectionQuery' from non EcmaScript module (only default export is available)
 @ ./src/data/schema.js
 @ ./src/client.jsx
 @ multi @babel/polyfill ./tools/lib/webpackHotDevClient ./src/client.jsx[39m[22m

[1m[31mERROR in ./node_modules/graphql/index.mjs 36:0-47:50
Can't reexport the named export 'introspectionTypes' from non EcmaScript module (only default export is available)
 @ ./src/data/schema.js
 @ ./src/client.jsx
 @ multi @babel/polyfill ./tools/lib/webpackHotDevClient ./src/client.jsx[39m[22m

[1m[31mERROR in ./node_modules/graphql/index.mjs 36:0-47:50
Can't reexport the named export 'isAbstractType' from non EcmaScript module (only default export is available)
 @ ./src/data/schema.js
 @ ./src/client.jsx
 @ multi @babel/polyfill ./tools/lib/webpackHotDevClient ./src/client.jsx[39m[22m

[1m[31mERROR in ./node_modules/graphql/index.mjs 36:0-47:50
Can't reexport the named export 'isCompositeType' from non EcmaScript module (only default export is available)
 @ ./src/data/schema.js
 @ ./src/client.jsx
 @ multi @babel/polyfill ./tools/lib/webpackHotDevClient ./src/client.jsx[39m[22m

[1m[31mERROR in ./node_modules/graphql/index.mjs 49:0-53:205
Can't reexport the named export 'isDefinitionNode' from non EcmaScript module (only default export is available)
 @ ./src/data/schema.js
 @ ./src/client.jsx
 @ multi @babel/polyfill ./tools/lib/webpackHotDevClient ./src/client.jsx[39m[22m

[1m[31mERROR in ./node_modules/graphql/index.mjs 36:0-47:50
Can't reexport the named export 'isDirective' from non EcmaScript module (only default export is available)
 @ ./src/data/schema.js
 @ ./src/client.jsx
 @ multi @babel/polyfill ./tools/lib/webpackHotDevClient ./src/client.jsx[39m[22m

[1m[31mERROR in ./node_modules/graphql/index.mjs 36:0-47:50
Can't reexport the named export 'isEnumType' from non EcmaScript module (only default export is available)
 @ ./src/data/schema.js
 @ ./src/client.jsx
 @ multi @babel/polyfill ./tools/lib/webpackHotDevClient ./src/client.jsx[39m[22m

[1m[31mERROR in ./node_modules/graphql/index.mjs 64:0-98:42
Can't reexport the named export 'isEqualType' from non EcmaScript module (only default export is available)
 @ ./src/data/schema.js
 @ ./src/client.jsx
 @ multi @babel/polyfill ./tools/lib/webpackHotDevClient ./src/client.jsx[39m[22m

[1m[31mERROR in ./node_modules/graphql/index.mjs 49:0-53:205
Can't reexport the named export 'isExecutableDefinitionNode' from non EcmaScript module (only default export is available)
 @ ./src/data/schema.js
 @ ./src/client.jsx
 @ multi @babel/polyfill ./tools/lib/webpackHotDevClient ./src/client.jsx[39m[22m

[1m[31mERROR in ./node_modules/graphql/index.mjs 36:0-47:50
Can't reexport the named export 'isInputObjectType' from non EcmaScript module (only default export is available)
 @ ./src/data/schema.js
 @ ./src/client.jsx
 @ multi @babel/polyfill ./tools/lib/webpackHotDevClient ./src/client.jsx[39m[22m

[1m[31mERROR in ./node_modules/graphql/index.mjs 36:0-47:50
Can't reexport the named export 'isInputType' from non EcmaScript module (only default export is available)
 @ ./src/data/schema.js
 @ ./src/client.jsx
 @ multi @babel/polyfill ./tools/lib/webpackHotDevClient ./src/client.jsx[39m[22m

[1m[31mERROR in ./node_modules/graphql/index.mjs 36:0-47:50
Can't reexport the named export 'isInterfaceType' from non EcmaScript module (only default export is available)
 @ ./src/data/schema.js
 @ ./src/client.jsx
 @ multi @babel/polyfill ./tools/lib/webpackHotDevClient ./src/client.jsx[39m[22m

[1m[31mERROR in ./node_modules/graphql/index.mjs 36:0-47:50
Can't reexport the named export 'isIntrospectionType' from non EcmaScript module (only default export is available)
 @ ./src/data/schema.js
 @ ./src/client.jsx
 @ multi @babel/polyfill ./tools/lib/webpackHotDevClient ./src/client.jsx[39m[22m

[1m[31mERROR in ./node_modules/graphql/index.mjs 36:0-47:50
Can't reexport the named export 'isLeafType' from non EcmaScript module (only default export is available)
 @ ./src/data/schema.js
 @ ./src/client.jsx
 @ multi @babel/polyfill ./tools/lib/webpackHotDevClient ./src/client.jsx[39m[22m

[1m[31mERROR in ./node_modules/graphql/index.mjs 36:0-47:50
Can't reexport the named export 'isListType' from non EcmaScript module (only default export is available)
 @ ./src/data/schema.js
 @ ./src/client.jsx
 @ multi @babel/polyfill ./tools/lib/webpackHotDevClient ./src/client.jsx[39m[22m

[1m[31mERROR in ./node_modules/graphql/index.mjs 36:0-47:50
Can't reexport the named export 'isNamedType' from non EcmaScript module (only default export is available)
 @ ./src/data/schema.js
 @ ./src/client.jsx
 @ multi @babel/polyfill ./tools/lib/webpackHotDevClient ./src/client.jsx[39m[22m

[1m[31mERROR in ./node_modules/graphql/index.mjs 36:0-47:50
Can't reexport the named export 'isNonNullType' from non EcmaScript module (only default export is available)
 @ ./src/data/schema.js
 @ ./src/client.jsx
 @ multi @babel/polyfill ./tools/lib/webpackHotDevClient ./src/client.jsx[39m[22m

[1m[31mERROR in ./node_modules/graphql/index.mjs 36:0-47:50
Can't reexport the named export 'isNullableType' from non EcmaScript module (only default export is available)
 @ ./src/data/schema.js
 @ ./src/client.jsx
 @ multi @babel/polyfill ./tools/lib/webpackHotDevClient ./src/client.jsx[39m[22m

[1m[31mERROR in ./node_modules/graphql/index.mjs 36:0-47:50
Can't reexport the named export 'isObjectType' from non EcmaScript module (only default export is available)
 @ ./src/data/schema.js
 @ ./src/client.jsx
 @ multi @babel/polyfill ./tools/lib/webpackHotDevClient ./src/client.jsx[39m[22m

[1m[31mERROR in ./node_modules/graphql/index.mjs 36:0-47:50
Can't reexport the named export 'isOutputType' from non EcmaScript module (only default export is available)
 @ ./src/data/schema.js
 @ ./src/client.jsx
 @ multi @babel/polyfill ./tools/lib/webpackHotDevClient ./src/client.jsx[39m[22m

[1m[31mERROR in ./node_modules/graphql/index.mjs 36:0-47:50
Can't reexport the named export 'isRequiredArgument' from non EcmaScript module (only default export is available)
 @ ./src/data/schema.js
 @ ./src/client.jsx
 @ multi @babel/polyfill ./tools/lib/webpackHotDevClient ./src/client.jsx[39m[22m

[1m[31mERROR in ./node_modules/graphql/index.mjs 36:0-47:50
Can't reexport the named export 'isRequiredInputField' from non EcmaScript module (only default export is available)
 @ ./src/data/schema.js
 @ ./src/client.jsx
 @ multi @babel/polyfill ./tools/lib/webpackHotDevClient ./src/client.jsx[39m[22m

[1m[31mERROR in ./node_modules/graphql/index.mjs 36:0-47:50
Can't reexport the named export 'isScalarType' from non EcmaScript module (only default export is available)
 @ ./src/data/schema.js
 @ ./src/client.jsx
 @ multi @babel/polyfill ./tools/lib/webpackHotDevClient ./src/client.jsx[39m[22m

[1m[31mERROR in ./node_modules/graphql/index.mjs 36:0-47:50
Can't reexport the named export 'isSchema' from non EcmaScript module (only default export is available)
 @ ./src/data/schema.js
 @ ./src/client.jsx
 @ multi @babel/polyfill ./tools/lib/webpackHotDevClient ./src/client.jsx[39m[22m

[1m[31mERROR in ./node_modules/graphql/index.mjs 49:0-53:205
Can't reexport the named export 'isSelectionNode' from non EcmaScript module (only default export is available)
 @ ./src/data/schema.js
 @ ./src/client.jsx
 @ multi @babel/polyfill ./tools/lib/webpackHotDevClient ./src/client.jsx[39m[22m

[1m[31mERROR in ./node_modules/graphql/index.mjs 36:0-47:50
Can't reexport the named export 'isSpecifiedDirective' from non EcmaScript module (only default export is available)
 @ ./src/data/schema.js
 @ ./src/client.jsx
 @ multi @babel/polyfill ./tools/lib/webpackHotDevClient ./src/client.jsx[39m[22m

[1m[31mERROR in ./node_modules/graphql/index.mjs 36:0-47:50
Can't reexport the named export 'isSpecifiedScalarType' from non EcmaScript module (only default export is available)
 @ ./src/data/schema.js
 @ ./src/client.jsx
 @ multi @babel/polyfill ./tools/lib/webpackHotDevClient ./src/client.jsx[39m[22m

[1m[31mERROR in ./node_modules/graphql/index.mjs 36:0-47:50
Can't reexport the named export 'isType' from non EcmaScript module (only default export is available)
 @ ./src/data/schema.js
 @ ./src/client.jsx
 @ multi @babel/polyfill ./tools/lib/webpackHotDevClient ./src/client.jsx[39m[22m

[1m[31mERROR in ./node_modules/graphql/index.mjs 49:0-53:205
Can't reexport the named export 'isTypeDefinitionNode' from non EcmaScript module (only default export is available)
 @ ./src/data/schema.js
 @ ./src/client.jsx
 @ multi @babel/polyfill ./tools/lib/webpackHotDevClient ./src/client.jsx[39m[22m

[1m[31mERROR in ./node_modules/graphql/index.mjs 49:0-53:205
Can't reexport the named export 'isTypeExtensionNode' from non EcmaScript module (only default export is available)
 @ ./src/data/schema.js
 @ ./src/client.jsx
 @ multi @babel/polyfill ./tools/lib/webpackHotDevClient ./src/client.jsx[39m[22m

[1m[31mERROR in ./node_modules/graphql/index.mjs 49:0-53:205
Can't reexport the named export 'isTypeNode' from non EcmaScript module (only default export is available)
 @ ./src/data/schema.js
 @ ./src/client.jsx
 @ multi @babel/polyfill ./tools/lib/webpackHotDevClient ./src/client.jsx[39m[22m

[1m[31mERROR in ./node_modules/graphql/index.mjs 64:0-98:42
Can't reexport the named export 'isTypeSubTypeOf' from non EcmaScript module (only default export is available)
 @ ./src/data/schema.js
 @ ./src/client.jsx
 @ multi @babel/polyfill ./tools/lib/webpackHotDevClient ./src/client.jsx[39m[22m

[1m[31mERROR in ./node_modules/graphql/index.mjs 49:0-53:205
Can't reexport the named export 'isTypeSystemDefinitionNode' from non EcmaScript module (only default export is available)
 @ ./src/data/schema.js
 @ ./src/client.jsx
 @ multi @babel/polyfill ./tools/lib/webpackHotDevClient ./src/client.jsx[39m[22m

[1m[31mERROR in ./node_modules/graphql/index.mjs 49:0-53:205
Can't reexport the named export 'isTypeSystemExtensionNode' from non EcmaScript module (only default export is available)
 @ ./src/data/schema.js
 @ ./src/client.jsx
 @ multi @babel/polyfill ./tools/lib/webpackHotDevClient ./src/client.jsx[39m[22m

[1m[31mERROR in ./node_modules/graphql/index.mjs 36:0-47:50
Can't reexport the named export 'isUnionType' from non EcmaScript module (only default export is available)
 @ ./src/data/schema.js
 @ ./src/client.jsx
 @ multi @babel/polyfill ./tools/lib/webpackHotDevClient ./src/client.jsx[39m[22m

[1m[31mERROR in ./node_modules/graphql/index.mjs 64:0-98:42
Can't reexport the named export 'isValidJSValue' from non EcmaScript module (only default export is available)
 @ ./src/data/schema.js
 @ ./src/client.jsx
 @ multi @babel/polyfill ./tools/lib/webpackHotDevClient ./src/client.jsx[39m[22m

[1m[31mERROR in ./node_modules/graphql/index.mjs 64:0-98:42
Can't reexport the named export 'isValidLiteralValue' from non EcmaScript module (only default export is available)
 @ ./src/data/schema.js
 @ ./src/client.jsx
 @ multi @babel/polyfill ./tools/lib/webpackHotDevClient ./src/client.jsx[39m[22m

[1m[31mERROR in ./node_modules/graphql/index.mjs 64:0-98:42
Can't reexport the named export 'isValidNameError' from non EcmaScript module (only default export is available)
 @ ./src/data/schema.js
 @ ./src/client.jsx
 @ multi @babel/polyfill ./tools/lib/webpackHotDevClient ./src/client.jsx[39m[22m

[1m[31mERROR in ./node_modules/graphql/index.mjs 49:0-53:205
Can't reexport the named export 'isValueNode' from non EcmaScript module (only default export is available)
 @ ./src/data/schema.js
 @ ./src/client.jsx
 @ multi @babel/polyfill ./tools/lib/webpackHotDevClient ./src/client.jsx[39m[22m

[1m[31mERROR in ./node_modules/graphql/index.mjs 36:0-47:50
Can't reexport the named export 'isWrappingType' from non EcmaScript module (only default export is available)
 @ ./src/data/schema.js
 @ ./src/client.jsx
 @ multi @babel/polyfill ./tools/lib/webpackHotDevClient ./src/client.jsx[39m[22m

[1m[31mERROR in ./node_modules/graphql/index.mjs 64:0-98:42
Can't reexport the named export 'lexicographicSortSchema' from non EcmaScript module (only default export is available)
 @ ./src/data/schema.js
 @ ./src/client.jsx
 @ multi @babel/polyfill ./tools/lib/webpackHotDevClient ./src/client.jsx[39m[22m

[1m[31mERROR in ./node_modules/graphql/index.mjs 49:0-53:205
Can't reexport the named export 'parse' from non EcmaScript module (only default export is available)
 @ ./src/data/schema.js
 @ ./src/client.jsx
 @ multi @babel/polyfill ./tools/lib/webpackHotDevClient ./src/client.jsx[39m[22m

[1m[31mERROR in ./node_modules/graphql/index.mjs 49:0-53:205
Can't reexport the named export 'parseType' from non EcmaScript module (only default export is available)
 @ ./src/data/schema.js
 @ ./src/client.jsx
 @ multi @babel/polyfill ./tools/lib/webpackHotDevClient ./src/client.jsx[39m[22m

[1m[31mERROR in ./node_modules/graphql/index.mjs 49:0-53:205
Can't reexport the named export 'parseValue' from non EcmaScript module (only default export is available)
 @ ./src/data/schema.js
 @ ./src/client.jsx
 @ multi @babel/polyfill ./tools/lib/webpackHotDevClient ./src/client.jsx[39m[22m

[1m[31mERROR in ./node_modules/graphql/index.mjs 49:0-53:205
Can't reexport the named export 'print' from non EcmaScript module (only default export is available)
 @ ./src/data/schema.js
 @ ./src/client.jsx
 @ multi @babel/polyfill ./tools/lib/webpackHotDevClient ./src/client.jsx[39m[22m

[1m[31mERROR in ./node_modules/graphql/index.mjs 62:0-64
Can't reexport the named export 'printError' from non EcmaScript module (only default export is available)
 @ ./src/data/schema.js
 @ ./src/client.jsx
 @ multi @babel/polyfill ./tools/lib/webpackHotDevClient ./src/client.jsx[39m[22m

[1m[31mERROR in ./node_modules/graphql/index.mjs 64:0-98:42
Can't reexport the named export 'printIntrospectionSchema' from non EcmaScript module (only default export is available)
 @ ./src/data/schema.js
 @ ./src/client.jsx
 @ multi @babel/polyfill ./tools/lib/webpackHotDevClient ./src/client.jsx[39m[22m

[1m[31mERROR in ./node_modules/graphql/index.mjs 64:0-98:42
Can't reexport the named export 'printSchema' from non EcmaScript module (only default export is available)
 @ ./src/data/schema.js
 @ ./src/client.jsx
 @ multi @babel/polyfill ./tools/lib/webpackHotDevClient ./src/client.jsx[39m[22m

[1m[31mERROR in ./node_modules/graphql/index.mjs 64:0-98:42
Can't reexport the named export 'printType' from non EcmaScript module (only default export is available)
 @ ./src/data/schema.js
 @ ./src/client.jsx
 @ multi @babel/polyfill ./tools/lib/webpackHotDevClient ./src/client.jsx[39m[22m

[1m[31mERROR in ./node_modules/graphql/index.mjs 55:0-101
Can't reexport the named export 'responsePathAsArray' from non EcmaScript module (only default export is available)
 @ ./src/data/schema.js
 @ ./src/client.jsx
 @ multi @babel/polyfill ./tools/lib/webpackHotDevClient ./src/client.jsx[39m[22m

[1m[31mERROR in ./node_modules/graphql/index.mjs 64:0-98:42
Can't reexport the named export 'separateOperations' from non EcmaScript module (only default export is available)
 @ ./src/data/schema.js
 @ ./src/client.jsx
 @ multi @babel/polyfill ./tools/lib/webpackHotDevClient ./src/client.jsx[39m[22m

[1m[31mERROR in ./node_modules/graphql/index.mjs 36:0-47:50
Can't reexport the named export 'specifiedDirectives' from non EcmaScript module (only default export is available)
 @ ./src/data/schema.js
 @ ./src/client.jsx
 @ multi @babel/polyfill ./tools/lib/webpackHotDevClient ./src/client.jsx[39m[22m

[1m[31mERROR in ./node_modules/graphql/index.mjs 58:0-60:675
Can't reexport the named export 'specifiedRules' from non EcmaScript module (only default export is available)
 @ ./src/data/schema.js
 @ ./src/client.jsx
 @ multi @babel/polyfill ./tools/lib/webpackHotDevClient ./src/client.jsx[39m[22m

[1m[31mERROR in ./node_modules/graphql/index.mjs 36:0-47:50
Can't reexport the named export 'specifiedScalarTypes' from non EcmaScript module (only default export is available)
 @ ./src/data/schema.js
 @ ./src/client.jsx
 @ multi @babel/polyfill ./tools/lib/webpackHotDevClient ./src/client.jsx[39m[22m

[1m[31mERROR in ./node_modules/graphql/index.mjs 56:0-68
Can't reexport the named export 'subscribe' from non EcmaScript module (only default export is available)
 @ ./src/data/schema.js
 @ ./src/client.jsx
 @ multi @babel/polyfill ./tools/lib/webpackHotDevClient ./src/client.jsx[39m[22m

[1m[31mERROR in ./node_modules/graphql/index.mjs 64:0-98:42
Can't reexport the named export 'typeFromAST' from non EcmaScript module (only default export is available)
 @ ./src/data/schema.js
 @ ./src/client.jsx
 @ multi @babel/polyfill ./tools/lib/webpackHotDevClient ./src/client.jsx[39m[22m

[1m[31mERROR in ./node_modules/graphql/index.mjs 58:0-60:675
Can't reexport the named export 'validate' from non EcmaScript module (only default export is available)
 @ ./src/data/schema.js
 @ ./src/client.jsx
 @ multi @babel/polyfill ./tools/lib/webpackHotDevClient ./src/client.jsx[39m[22m

[1m[31mERROR in ./node_modules/graphql/index.mjs 36:0-47:50
Can't reexport the named export 'validateSchema' from non EcmaScript module (only default export is available)
 @ ./src/data/schema.js
 @ ./src/client.jsx
 @ multi @babel/polyfill ./tools/lib/webpackHotDevClient ./src/client.jsx[39m[22m

[1m[31mERROR in ./node_modules/graphql/index.mjs 64:0-98:42
Can't reexport the named export 'valueFromAST' from non EcmaScript module (only default export is available)
 @ ./src/data/schema.js
 @ ./src/client.jsx
 @ multi @babel/polyfill ./tools/lib/webpackHotDevClient ./src/client.jsx[39m[22m

[1m[31mERROR in ./node_modules/graphql/index.mjs 64:0-98:42
Can't reexport the named export 'valueFromASTUntyped' from non EcmaScript module (only default export is available)
 @ ./src/data/schema.js
 @ ./src/client.jsx
 @ multi @babel/polyfill ./tools/lib/webpackHotDevClient ./src/client.jsx[39m[22m

[1m[31mERROR in ./node_modules/graphql/index.mjs 49:0-53:205
Can't reexport the named export 'visit' from non EcmaScript module (only default export is available)
 @ ./src/data/schema.js
 @ ./src/client.jsx
 @ multi @babel/polyfill ./tools/lib/webpackHotDevClient ./src/client.jsx[39m[22m

[1m[31mERROR in ./node_modules/graphql/index.mjs 49:0-53:205
Can't reexport the named export 'visitInParallel' from non EcmaScript module (only default export is available)
 @ ./src/data/schema.js
 @ ./src/client.jsx
 @ multi @babel/polyfill ./tools/lib/webpackHotDevClient ./src/client.jsx[39m[22m

[1m[31mERROR in ./node_modules/graphql/index.mjs 49:0-53:205
Can't reexport the named export 'visitWithTypeInfo' from non EcmaScript module (only default export is available)
 @ ./src/data/schema.js
 @ ./src/client.jsx
 @ multi @babel/polyfill ./tools/lib/webpackHotDevClient ./src/client.jsx[39m[22m
[17:53:49] Failed to compile 'client' after 7273 ms
info Visit https://yarnpkg.com/en/docs/cli/run for documentation about this command.
